# JRE version: OpenJDK Runtime Environment Zulu17.40+19-CA (17.0.6+10) (build 17.0.6+10-LTS)
# Java VM: OpenJDK Client VM Zulu17.40+19-CA (17.0.6+10-LTS, mixed mode, emulated-client, serial gc, windows-x86)
GC Precious Log:
 CPUs: 8 total, 8 available
 Memory: 12030M
 Large Page Support: Disabled
 NUMA Support: Disabled
 Compressed Oops: Disabled
 Heap Min Capacity: 6M
 Heap Initial Capacity: 16M
 Heap Max Capacity: 1600M
 Pre-touch: Disabled
Heap:
 def new generation   total 172224K, used 80576K [0x04c00000, 0x106d0000, 0x26150000)
  eden space 153152K,  40% used [0x04c00000, 0x08810280, 0x0e190000)
  from space 19072K, 100% used [0x0e190000, 0x0f430000, 0x0f430000)
  to   space 19072K,   0% used [0x0f430000, 0x0f430000, 0x106d0000)
 tenured generation   total 537064K, used 409522K [0x26150000, 0x46dca000, 0x68c00000)
   the space 537064K,  76% used [0x26150000, 0x3f13cbd8, 0x3f13cc00, 0x46dca000)
 Metaspace       used 96924K, committed 97920K, reserved 98304K
GC Heap History (20 events):
Event: 50.420 GC heap before
{Heap before GC invocations=91 (full 6):
 def new generation   total 103488K, used 100038K [0x04c00000, 0x0bc40000, 0x26150000)
  eden space 92032K, 100% used [0x04c00000, 0x0a5e0000, 0x0a5e0000)
  from space 11456K,  69% used [0x0b110000, 0x0b8e1bd0, 0x0bc40000)
  to   space 11456K,   0% used [0x0a5e0000, 0x0a5e0000, 0x0b110000)
 tenured generation   total 228828K, used 195724K [0x26150000, 0x340c7000, 0x68c00000)
   the space 228828K,  85% used [0x26150000, 0x320733a8, 0x32073400, 0x340c7000)
 Metaspace       used 77844K, committed 78784K, reserved 81920K
}
Event: 50.450 GC heap after
{Heap after GC invocations=92 (full 6):
 def new generation   total 103488K, used 8194K [0x04c00000, 0x0bc40000, 0x26150000)
  eden space 92032K,   0% used [0x04c00000, 0x04c00000, 0x0a5e0000)
  from space 11456K,  71% used [0x0a5e0000, 0x0ade0b98, 0x0b110000)
  to   space 11456K,   0% used [0x0b110000, 0x0b110000, 0x0bc40000)
 tenured generation   total 228828K, used 198766K [0x26150000, 0x340c7000, 0x68c00000)
   the space 228828K,  86% used [0x26150000, 0x3236bac0, 0x3236bc00, 0x340c7000)
 Metaspace       used 77844K, committed 78784K, reserved 81920K
}
Event: 51.840 GC heap before
{Heap before GC invocations=92 (full 6):
 def new generation   total 103488K, used 100214K [0x04c00000, 0x0bc40000, 0x26150000)
  eden space 92032K,  99% used [0x04c00000, 0x0a5dcd78, 0x0a5e0000)
  from space 11456K,  71% used [0x0a5e0000, 0x0ade0b98, 0x0b110000)
  to   space 11456K,   0% used [0x0b110000, 0x0b110000, 0x0bc40000)
 tenured generation   total 228828K, used 198766K [0x26150000, 0x340c7000, 0x68c00000)
   the space 228828K,  86% used [0x26150000, 0x3236bac0, 0x3236bc00, 0x340c7000)
 Metaspace       used 79270K, committed 80192K, reserved 81920K
}
Event: 51.863 GC heap after
{Heap after GC invocations=93 (full 6):
 def new generation   total 103488K, used 7759K [0x04c00000, 0x0bc40000, 0x26150000)
  eden space 92032K,   0% used [0x04c00000, 0x04c00000, 0x0a5e0000)
  from space 11456K,  67% used [0x0b110000, 0x0b8a3f40, 0x0bc40000)
  to   space 11456K,   0% used [0x0a5e0000, 0x0a5e0000, 0x0b110000)
 tenured generation   total 228828K, used 202249K [0x26150000, 0x340c7000, 0x68c00000)
   the space 228828K,  88% used [0x26150000, 0x326d27c8, 0x326d2800, 0x340c7000)
 Metaspace       used 79270K, committed 80192K, reserved 81920K
}
Event: 53.277 GC heap before
{Heap before GC invocations=93 (full 6):
 def new generation   total 103488K, used 99791K [0x04c00000, 0x0bc40000, 0x26150000)
  eden space 92032K, 100% used [0x04c00000, 0x0a5e0000, 0x0a5e0000)
  from space 11456K,  67% used [0x0b110000, 0x0b8a3f40, 0x0bc40000)
  to   space 11456K,   0% used [0x0a5e0000, 0x0a5e0000, 0x0b110000)
 tenured generation   total 228828K, used 202249K [0x26150000, 0x340c7000, 0x68c00000)
   the space 228828K,  88% used [0x26150000, 0x326d27c8, 0x326d2800, 0x340c7000)
 Metaspace       used 81808K, committed 82752K, reserved 90112K
}
Event: 53.308 GC heap after
{Heap after GC invocations=94 (full 6):
 def new generation   total 103488K, used 11456K [0x04c00000, 0x0bc40000, 0x26150000)
  eden space 92032K,   0% used [0x04c00000, 0x04c00000, 0x0a5e0000)
  from space 11456K, 100% used [0x0a5e0000, 0x0b110000, 0x0b110000)
  to   space 11456K,   0% used [0x0b110000, 0x0b110000, 0x0bc40000)
 tenured generation   total 228828K, used 209322K [0x26150000, 0x340c7000, 0x68c00000)
   the space 228828K,  91% used [0x26150000, 0x32dbaa18, 0x32dbac00, 0x340c7000)
 Metaspace       used 81808K, committed 82752K, reserved 90112K
}
Event: 53.603 GC heap before
{Heap before GC invocations=94 (full 6):
 def new generation   total 103488K, used 103488K [0x04c00000, 0x0bc40000, 0x26150000)
  eden space 92032K, 100% used [0x04c00000, 0x0a5e0000, 0x0a5e0000)
  from space 11456K, 100% used [0x0a5e0000, 0x0b110000, 0x0b110000)
  to   space 11456K,   0% used [0x0b110000, 0x0b110000, 0x0bc40000)
 tenured generation   total 228828K, used 209322K [0x26150000, 0x340c7000, 0x68c00000)
   the space 228828K,  91% used [0x26150000, 0x32dbaa18, 0x32dbac00, 0x340c7000)
 Metaspace       used 84080K, committed 85056K, reserved 90112K
}
Event: 53.625 GC heap after
{Heap after GC invocations=95 (full 6):
 def new generation   total 103488K, used 4162K [0x04c00000, 0x0bc40000, 0x26150000)
  eden space 92032K,   0% used [0x04c00000, 0x04c00000, 0x0a5e0000)
  from space 11456K,  36% used [0x0b110000, 0x0b520950, 0x0bc40000)
  to   space 11456K,   0% used [0x0a5e0000, 0x0a5e0000, 0x0b110000)
 tenured generation   total 228828K, used 219942K [0x26150000, 0x340c7000, 0x68c00000)
   the space 228828K,  96% used [0x26150000, 0x338198b8, 0x33819a00, 0x340c7000)
 Metaspace       used 84080K, committed 85056K, reserved 90112K
}
Event: 54.070 GC heap before
{Heap before GC invocations=95 (full 6):
 def new generation   total 103488K, used 96194K [0x04c00000, 0x0bc40000, 0x26150000)
  eden space 92032K, 100% used [0x04c00000, 0x0a5e0000, 0x0a5e0000)
  from space 11456K,  36% used [0x0b110000, 0x0b520950, 0x0bc40000)
  to   space 11456K,   0% used [0x0a5e0000, 0x0a5e0000, 0x0b110000)
 tenured generation   total 228828K, used 219942K [0x26150000, 0x340c7000, 0x68c00000)
   the space 228828K,  96% used [0x26150000, 0x338198b8, 0x33819a00, 0x340c7000)
 Metaspace       used 86739K, committed 87744K, reserved 90112K
}
Event: 54.083 GC heap after
{Heap after GC invocations=96 (full 6):
 def new generation   total 103488K, used 6268K [0x04c00000, 0x0bc40000, 0x26150000)
  eden space 92032K,   0% used [0x04c00000, 0x04c00000, 0x0a5e0000)
  from space 11456K,  54% used [0x0a5e0000, 0x0abff110, 0x0b110000)
  to   space 11456K,   0% used [0x0b110000, 0x0b110000, 0x0bc40000)
 tenured generation   total 228828K, used 219942K [0x26150000, 0x340c7000, 0x68c00000)
   the space 228828K,  96% used [0x26150000, 0x338198b8, 0x33819a00, 0x340c7000)
 Metaspace       used 86739K, committed 87744K, reserved 90112K
}
Event: 54.368 GC heap before
{Heap before GC invocations=96 (full 6):
 def new generation   total 103488K, used 98300K [0x04c00000, 0x0bc40000, 0x26150000)
  eden space 92032K, 100% used [0x04c00000, 0x0a5e0000, 0x0a5e0000)
  from space 11456K,  54% used [0x0a5e0000, 0x0abff110, 0x0b110000)
  to   space 11456K,   0% used [0x0b110000, 0x0b110000, 0x0bc40000)
 tenured generation   total 228828K, used 219942K [0x26150000, 0x340c7000, 0x68c00000)
   the space 228828K,  96% used [0x26150000, 0x338198b8, 0x33819a00, 0x340c7000)
 Metaspace       used 89151K, committed 90176K, reserved 98304K
}
Event: 54.398 GC heap after
{Heap after GC invocations=97 (full 6):
 def new generation   total 103488K, used 11456K [0x04c00000, 0x0bc40000, 0x26150000)
  eden space 92032K,   0% used [0x04c00000, 0x04c00000, 0x0a5e0000)
  from space 11456K, 100% used [0x0b110000, 0x0bc40000, 0x0bc40000)
  to   space 11456K,   0% used [0x0a5e0000, 0x0a5e0000, 0x0b110000)
 tenured generation   total 231772K, used 231716K [0x26150000, 0x343a7000, 0x68c00000)
   the space 231772K,  99% used [0x26150000, 0x34399150, 0x34399200, 0x343a7000)
 Metaspace       used 89151K, committed 90176K, reserved 98304K
}
Event: 54.398 GC heap before
{Heap before GC invocations=97 (full 6):
 def new generation   total 103488K, used 11456K [0x04c00000, 0x0bc40000, 0x26150000)
  eden space 92032K,   0% used [0x04c00000, 0x04c00000, 0x0a5e0000)
  from space 11456K, 100% used [0x0b110000, 0x0bc40000, 0x0bc40000)
  to   space 11456K,   0% used [0x0a5e0000, 0x0a5e0000, 0x0b110000)
 tenured generation   total 231772K, used 231716K [0x26150000, 0x343a7000, 0x68c00000)
   the space 231772K,  99% used [0x26150000, 0x34399150, 0x34399200, 0x343a7000)
 Metaspace       used 89151K, committed 90176K, reserved 98304K
}
Event: 54.836 GC heap after
{Heap after GC invocations=97 (full 7):
 def new generation   total 172224K, used 9230K [0x04c00000, 0x106d0000, 0x26150000)
  eden space 153152K,   6% used [0x04c00000, 0x05503a40, 0x0e190000)
  from space 19072K,   0% used [0x0e190000, 0x0e190000, 0x0f430000)
  to   space 19072K,   0% used [0x0f430000, 0x0f430000, 0x106d0000)
 tenured generation   total 381500K, used 228898K [0x26150000, 0x3d5df000, 0x68c00000)
   the space 381500K,  59% used [0x26150000, 0x340d89a0, 0x340d8a00, 0x3d5df000)
 Metaspace       used 89122K, committed 90176K, reserved 98304K
}
Event: 54.882 GC heap before
{Heap before GC invocations=97 (full 7):
 def new generation   total 172224K, used 22182K [0x04c00000, 0x106d0000, 0x26150000)
  eden space 153152K,  14% used [0x04c00000, 0x061a9b68, 0x0e190000)
  from space 19072K,   0% used [0x0e190000, 0x0e190000, 0x0f430000)
  to   space 19072K,   0% used [0x0f430000, 0x0f430000, 0x106d0000)
 tenured generation   total 381500K, used 228898K [0x26150000, 0x3d5df000, 0x68c00000)
   the space 381500K,  59% used [0x26150000, 0x340d89a0, 0x340d8a00, 0x3d5df000)
 Metaspace       used 89414K, committed 90432K, reserved 98304K
}
Event: 54.968 GC heap after
{Heap after GC invocations=98 (full 7):
 def new generation   total 172224K, used 10235K [0x04c00000, 0x106d0000, 0x26150000)
  eden space 153152K,   0% used [0x04c00000, 0x04c00000, 0x0e190000)
  from space 19072K,  53% used [0x0f430000, 0x0fe2ee20, 0x106d0000)
  to   space 19072K,   0% used [0x0e190000, 0x0e190000, 0x0f430000)
 tenured generation   total 381500K, used 228899K [0x26150000, 0x3d5df000, 0x68c00000)
   the space 381500K,  59% used [0x26150000, 0x340d8ec8, 0x340d9000, 0x3d5df000)
 Metaspace       used 89414K, committed 90432K, reserved 98304K
}
Event: 54.968 GC heap before
{Heap before GC invocations=98 (full 7):
 def new generation   total 172224K, used 10235K [0x04c00000, 0x106d0000, 0x26150000)
  eden space 153152K,   0% used [0x04c00000, 0x04c00000, 0x0e190000)
  from space 19072K,  53% used [0x0f430000, 0x0fe2ee20, 0x106d0000)
  to   space 19072K,   0% used [0x0e190000, 0x0e190000, 0x0f430000)
 tenured generation   total 381500K, used 228899K [0x26150000, 0x3d5df000, 0x68c00000)
   the space 381500K,  59% used [0x26150000, 0x340d8ec8, 0x340d9000, 0x3d5df000)
 Metaspace       used 89414K, committed 90432K, reserved 98304K
}
Event: 55.441 GC heap after
{Heap after GC invocations=98 (full 8):
 def new generation   total 172224K, used 0K [0x04c00000, 0x106d0000, 0x26150000)
  eden space 153152K,   0% used [0x04c00000, 0x04c00000, 0x0e190000)
  from space 19072K,   0% used [0x0f430000, 0x0f430000, 0x106d0000)
  to   space 19072K,   0% used [0x0e190000, 0x0e190000, 0x0f430000)
 tenured generation   total 381500K, used 226301K [0x26150000, 0x3d5df000, 0x68c00000)
   the space 381500K,  59% used [0x26150000, 0x33e4f648, 0x33e4f800, 0x3d5df000)
 Metaspace       used 89414K, committed 90432K, reserved 98304K
}
Event: 56.522 GC heap before
{Heap before GC invocations=98 (full 8):
 def new generation   total 172224K, used 153152K [0x04c00000, 0x106d0000, 0x26150000)
  eden space 153152K, 100% used [0x04c00000, 0x0e190000, 0x0e190000)
  from space 19072K,   0% used [0x0f430000, 0x0f430000, 0x106d0000)
  to   space 19072K,   0% used [0x0e190000, 0x0e190000, 0x0f430000)
 tenured generation   total 537064K, used 381863K [0x26150000, 0x46dca000, 0x68c00000)
   the space 537064K,  71% used [0x26150000, 0x3d639f18, 0x3d63a000, 0x46dca000)
 Metaspace       used 94782K, committed 95808K, reserved 98304K
}
Event: 56.781 GC heap after
{Heap after GC invocations=99 (full 8):
 def new generation   total 172224K, used 19072K [0x04c00000, 0x106d0000, 0x26150000)
  eden space 153152K,   0% used [0x04c00000, 0x04c00000, 0x0e190000)
  from space 19072K, 100% used [0x0e190000, 0x0f430000, 0x0f430000)
  to   space 19072K,   0% used [0x0f430000, 0x0f430000, 0x106d0000)
 tenured generation   total 537064K, used 409522K [0x26150000, 0x46dca000, 0x68c00000)
   the space 537064K,  76% used [0x26150000, 0x3f13cbd8, 0x3f13cc00, 0x46dca000)
 Metaspace       used 94782K, committed 95808K, reserved 98304K
}

